<?xml version="1.0" encoding="UTF-8"?>
<!-- Generated by org.testng.reporters.JUnitXMLReporter -->
<testsuite ignored="0" hostname="DESKTOP-G16NKSE" failures="0" tests="3" name="Default test" time="154.438" errors="0" timestamp="15 May 2024 06:42:39 GMT">
  <testcase classname="tests.SubmitOrderTestRevised" name="submitOrder" time="28.426"/>
  <testcase classname="tests.SubmitOrderTestRevised" name="submitOrder" time="24.445"/>
  <testcase classname="tests.SubmitOrderTestRevised" name="OrderHistoryTest" time="13.474"/>
</testsuite> <!-- Default test -->
