<?xml version="1.0" encoding="UTF-8"?>
<!-- Generated by org.testng.reporters.JUnitXMLReporter -->
<testsuite ignored="0" hostname="DESKTOP-G16NKSE" failures="1" tests="2" name="Submit Order Test Revised" time="87.551" errors="0" timestamp="15 May 2024 13:00:30 GMT">
  <testcase classname="tests.SubmitOrderTestRevised" name="submitOrder" time="39.522"/>
  <testcase classname="tests.SubmitOrderTestRevised" name="submitOrder" time="87.256">
    <failure type="java.lang.NullPointerException">
      <![CDATA[java.lang.NullPointerException
at java.base/java.io.File.<init>(File.java:278)
at TestComponents.BaseTest.getScreenshot(BaseTest.java:81)
at TestComponents.Listeners.onTestSuccess(Listeners.java:47)
at java.base/java.util.concurrent.FutureTask.run(FutureTask.java:264)
at java.base/java.util.concurrent.ThreadPoolExecutor.runWorker(ThreadPoolExecutor.java:1136)
at java.base/java.util.concurrent.ThreadPoolExecutor$Worker.run(ThreadPoolExecutor.java:635)
at java.base/java.lang.Thread.run(Thread.java:833)
... Removed 13 stack frames]]>
    </failure>
  </testcase> <!-- submitOrder -->
</testsuite> <!-- Submit Order Test Revised -->
