<?xml version="1.0" encoding="UTF-8"?>
<testng-results ignored="0" total="0" passed="0" failed="0" skipped="0">
  <reporter-output>
  </reporter-output>
  <suite started-at="2024-05-15T13:00:32Z" name="Suite" finished-at="2024-05-15T13:00:32Z" duration-ms="0">
    <groups>
      <group name="ErrorHandling">
        <method signature="ErrorValidationsTest.LoginErrorValidation()[pri:0, instance:tests.ErrorValidationsTest@346939bf]" name="LoginErrorValidation" class="tests.ErrorValidationsTest"/>
      </group> <!-- ErrorHandling -->
      <group name="purchase">
        <method signature="SubmitOrderTestRevised.submitOrder(java.util.HashMap)[pri:0, instance:tests.SubmitOrderTestRevised@1c55f277]" name="submitOrder" class="tests.SubmitOrderTestRevised"/>
      </group> <!-- purchase -->
    </groups>
  </suite> <!-- Suite -->
</testng-results>
